Build started 2015-08-14 15:23:42.
     1>Project "F:\USERS\Magda\Documents\Visual Studio 2010\Projects\GraTutorial\GraTutorial\GraTutorial.vcxproj" on node 2 (build target(s)).
     1>InitializeBuildStatus:
         Creating "Debug\GraTutorial.unsuccessfulbuild" because "AlwaysCreate" was specified.
       ClCompile:
         C:\Program Files (x86)\Microsoft Visual Studio 10.0\VC\bin\CL.exe /c /ZI /nologo /W3 /WX- /Od /Oy- /D WIN32 /D _DEBUG /D _WINDOWS /D _UNICODE /D UNICODE /Gm /EHsc /RTC1 /MDd /GS /fp:precise /Zc:wchar_t /Zc:forScope /Fo"Debug\\" /Fd"Debug\vc100.pdb" /Gd /TP /analyze- /errorReport:prompt App.cpp Entity.cpp Letter.cpp Level.cpp Player.cpp Sprite.cpp WordsMaker.cpp main.cpp
         WordsMaker.cpp
         Generating Code...
         Compiling...
         main.cpp
         Sprite.cpp
         Player.cpp
         Level.cpp
         Letter.cpp
         Entity.cpp
         App.cpp
         Generating Code...
       ManifestResourceCompile:
         All outputs are up-to-date.
       Link:
         C:\Program Files (x86)\Microsoft Visual Studio 10.0\VC\bin\link.exe /ERRORREPORT:PROMPT /OUT:"F:\USERS\Magda\Documents\Visual Studio 2010\Projects\GraTutorial\Debug\GraTutorial.exe" /INCREMENTAL /NOLOGO SDL2_mixer.lib kernel32.lib user32.lib gdi32.lib winspool.lib comdlg32.lib advapi32.lib shell32.lib ole32.lib oleaut32.lib uuid.lib odbc32.lib odbccp32.lib /MANIFEST /ManifestFile:"Debug\GraTutorial.exe.intermediate.manifest" /MANIFESTUAC:"level='asInvoker' uiAccess='false'" /DEBUG /PDB:"F:\USERS\Magda\Documents\Visual Studio 2010\Projects\GraTutorial\Debug\GraTutorial.pdb" /SUBSYSTEM:CONSOLE /TLBID:1 /DYNAMICBASE /NXCOMPAT /IMPLIB:"F:\USERS\Magda\Documents\Visual Studio 2010\Projects\GraTutorial\Debug\GraTutorial.lib" /MACHINE:X86 Debug\GraTutorial.exe.embed.manifest.res
         Debug\Aabb.obj
         Debug\Alphabet.obj
         Debug\App.obj
         Debug\Entity.obj
         Debug\Letter.obj
         Debug\Level.obj
         Debug\main.obj
         Debug\Player.obj
         Debug\Renderer.obj
         Debug\Sound.obj
         Debug\Sprite.obj
         Debug\SpriteConfig.obj
         Debug\WordsMaker.obj SDL.lib SDLmain.lib 
       Manifest:
         C:\Program Files (x86)\Microsoft SDKs\Windows\v7.0A\bin\mt.exe /nologo /verbose /out:"Debug\GraTutorial.exe.embed.manifest" /manifest Debug\GraTutorial.exe.intermediate.manifest
         All outputs are up-to-date.
       LinkEmbedManifest:
         All outputs are up-to-date.
         GraTutorial.vcxproj -> F:\USERS\Magda\Documents\Visual Studio 2010\Projects\GraTutorial\Debug\GraTutorial.exe
       FinalizeBuildStatus:
         Deleting file "Debug\GraTutorial.unsuccessfulbuild".
         Touching "Debug\GraTutorial.lastbuildstate".
     1>Done Building Project "F:\USERS\Magda\Documents\Visual Studio 2010\Projects\GraTutorial\GraTutorial\GraTutorial.vcxproj" (build target(s)).

Build succeeded.

Time Elapsed 00:00:26.96
